<?xml version="1.0" encoding="UTF-8"?>
<testsuite xmlns:xsi="http://www.w3.org/2001/XMLSchema-instance" xsi:noNamespaceSchemaLocation="https://maven.apache.org/surefire/maven-surefire-plugin/xsd/surefire-test-report.xsd" name="com.learning.HelloApplicationTests" time="2.18" tests="1" errors="0" skipped="0" failures="0">
  <properties>
    <property name="sun.desktop" value="windows"/>
    <property name="awt.toolkit" value="sun.awt.windows.WToolkit"/>
    <property name="file.encoding.pkg" value="sun.io"/>
    <property name="java.specification.version" value="1.8"/>
    <property name="sun.cpu.isalist" value="amd64"/>
    <property name="sun.jnu.encoding" value="Cp1252"/>
    <property name="java.class.path" value="D:\workspace\Hello\target\test-classes;D:\workspace\Hello\target\classes;C:\Users\mehnaz.tariq.SYSTEMS\.m2\repository_old\org\springframework\boot\spring-boot-starter-web\2.3.1.RELEASE\spring-boot-starter-web-2.3.1.RELEASE.jar;C:\Users\mehnaz.tariq.SYSTEMS\.m2\repository_old\org\springframework\boot\spring-boot-starter\2.3.1.RELEASE\spring-boot-starter-2.3.1.RELEASE.jar;C:\Users\mehnaz.tariq.SYSTEMS\.m2\repository_old\org\springframework\boot\spring-boot\2.3.1.RELEASE\spring-boot-2.3.1.RELEASE.jar;C:\Users\mehnaz.tariq.SYSTEMS\.m2\repository_old\org\springframework\boot\spring-boot-autoconfigure\2.3.1.RELEASE\spring-boot-autoconfigure-2.3.1.RELEASE.jar;C:\Users\mehnaz.tariq.SYSTEMS\.m2\repository_old\org\springframework\boot\spring-boot-starter-logging\2.3.1.RELEASE\spring-boot-starter-logging-2.3.1.RELEASE.jar;C:\Users\mehnaz.tariq.SYSTEMS\.m2\repository_old\ch\qos\logback\logback-classic\1.2.3\logback-classic-1.2.3.jar;C:\Users\mehnaz.tariq.SYSTEMS\.m2\repository_old\ch\qos\logback\logback-core\1.2.3\logback-core-1.2.3.jar;C:\Users\mehnaz.tariq.SYSTEMS\.m2\repository_old\org\apache\logging\log4j\log4j-to-slf4j\2.13.3\log4j-to-slf4j-2.13.3.jar;C:\Users\mehnaz.tariq.SYSTEMS\.m2\repository_old\org\apache\logging\log4j\log4j-api\2.13.3\log4j-api-2.13.3.jar;C:\Users\mehnaz.tariq.SYSTEMS\.m2\repository_old\org\slf4j\jul-to-slf4j\1.7.30\jul-to-slf4j-1.7.30.jar;C:\Users\mehnaz.tariq.SYSTEMS\.m2\repository_old\jakarta\annotation\jakarta.annotation-api\1.3.5\jakarta.annotation-api-1.3.5.jar;C:\Users\mehnaz.tariq.SYSTEMS\.m2\repository_old\org\yaml\snakeyaml\1.26\snakeyaml-1.26.jar;C:\Users\mehnaz.tariq.SYSTEMS\.m2\repository_old\org\springframework\boot\spring-boot-starter-json\2.3.1.RELEASE\spring-boot-starter-json-2.3.1.RELEASE.jar;C:\Users\mehnaz.tariq.SYSTEMS\.m2\repository_old\com\fasterxml\jackson\core\jackson-databind\2.11.0\jackson-databind-2.11.0.jar;C:\Users\mehnaz.tariq.SYSTEMS\.m2\repository_old\com\fasterxml\jackson\core\jackson-annotations\2.11.0\jackson-annotations-2.11.0.jar;C:\Users\mehnaz.tariq.SYSTEMS\.m2\repository_old\com\fasterxml\jackson\core\jackson-core\2.11.0\jackson-core-2.11.0.jar;C:\Users\mehnaz.tariq.SYSTEMS\.m2\repository_old\com\fasterxml\jackson\datatype\jackson-datatype-jdk8\2.11.0\jackson-datatype-jdk8-2.11.0.jar;C:\Users\mehnaz.tariq.SYSTEMS\.m2\repository_old\com\fasterxml\jackson\datatype\jackson-datatype-jsr310\2.11.0\jackson-datatype-jsr310-2.11.0.jar;C:\Users\mehnaz.tariq.SYSTEMS\.m2\repository_old\com\fasterxml\jackson\module\jackson-module-parameter-names\2.11.0\jackson-module-parameter-names-2.11.0.jar;C:\Users\mehnaz.tariq.SYSTEMS\.m2\repository_old\org\springframework\boot\spring-boot-starter-tomcat\2.3.1.RELEASE\spring-boot-starter-tomcat-2.3.1.RELEASE.jar;C:\Users\mehnaz.tariq.SYSTEMS\.m2\repository_old\org\apache\tomcat\embed\tomcat-embed-core\9.0.36\tomcat-embed-core-9.0.36.jar;C:\Users\mehnaz.tariq.SYSTEMS\.m2\repository_old\org\glassfish\jakarta.el\3.0.3\jakarta.el-3.0.3.jar;C:\Users\mehnaz.tariq.SYSTEMS\.m2\repository_old\org\apache\tomcat\embed\tomcat-embed-websocket\9.0.36\tomcat-embed-websocket-9.0.36.jar;C:\Users\mehnaz.tariq.SYSTEMS\.m2\repository_old\org\springframework\spring-web\5.2.7.RELEASE\spring-web-5.2.7.RELEASE.jar;C:\Users\mehnaz.tariq.SYSTEMS\.m2\repository_old\org\springframework\spring-beans\5.2.7.RELEASE\spring-beans-5.2.7.RELEASE.jar;C:\Users\mehnaz.tariq.SYSTEMS\.m2\repository_old\org\springframework\spring-webmvc\5.2.7.RELEASE\spring-webmvc-5.2.7.RELEASE.jar;C:\Users\mehnaz.tariq.SYSTEMS\.m2\repository_old\org\springframework\spring-aop\5.2.7.RELEASE\spring-aop-5.2.7.RELEASE.jar;C:\Users\mehnaz.tariq.SYSTEMS\.m2\repository_old\org\springframework\spring-context\5.2.7.RELEASE\spring-context-5.2.7.RELEASE.jar;C:\Users\mehnaz.tariq.SYSTEMS\.m2\repository_old\org\springframework\spring-expression\5.2.7.RELEASE\spring-expression-5.2.7.RELEASE.jar;C:\Users\mehnaz.tariq.SYSTEMS\.m2\repository_old\org\springframework\boot\spring-boot-starter-test\2.3.1.RELEASE\spring-boot-starter-test-2.3.1.RELEASE.jar;C:\Users\mehnaz.tariq.SYSTEMS\.m2\repository_old\org\springframework\boot\spring-boot-test\2.3.1.RELEASE\spring-boot-test-2.3.1.RELEASE.jar;C:\Users\mehnaz.tariq.SYSTEMS\.m2\repository_old\org\springframework\boot\spring-boot-test-autoconfigure\2.3.1.RELEASE\spring-boot-test-autoconfigure-2.3.1.RELEASE.jar;C:\Users\mehnaz.tariq.SYSTEMS\.m2\repository_old\com\jayway\jsonpath\json-path\2.4.0\json-path-2.4.0.jar;C:\Users\mehnaz.tariq.SYSTEMS\.m2\repository_old\net\minidev\json-smart\2.3\json-smart-2.3.jar;C:\Users\mehnaz.tariq.SYSTEMS\.m2\repository_old\net\minidev\accessors-smart\1.2\accessors-smart-1.2.jar;C:\Users\mehnaz.tariq.SYSTEMS\.m2\repository_old\org\ow2\asm\asm\5.0.4\asm-5.0.4.jar;C:\Users\mehnaz.tariq.SYSTEMS\.m2\repository_old\org\slf4j\slf4j-api\1.7.30\slf4j-api-1.7.30.jar;C:\Users\mehnaz.tariq.SYSTEMS\.m2\repository_old\jakarta\xml\bind\jakarta.xml.bind-api\2.3.3\jakarta.xml.bind-api-2.3.3.jar;C:\Users\mehnaz.tariq.SYSTEMS\.m2\repository_old\jakarta\activation\jakarta.activation-api\1.2.2\jakarta.activation-api-1.2.2.jar;C:\Users\mehnaz.tariq.SYSTEMS\.m2\repository_old\org\assertj\assertj-core\3.16.1\assertj-core-3.16.1.jar;C:\Users\mehnaz.tariq.SYSTEMS\.m2\repository_old\org\hamcrest\hamcrest\2.2\hamcrest-2.2.jar;C:\Users\mehnaz.tariq.SYSTEMS\.m2\repository_old\org\junit\jupiter\junit-jupiter\5.6.2\junit-jupiter-5.6.2.jar;C:\Users\mehnaz.tariq.SYSTEMS\.m2\repository_old\org\junit\jupiter\junit-jupiter-api\5.6.2\junit-jupiter-api-5.6.2.jar;C:\Users\mehnaz.tariq.SYSTEMS\.m2\repository_old\org\apiguardian\apiguardian-api\1.1.0\apiguardian-api-1.1.0.jar;C:\Users\mehnaz.tariq.SYSTEMS\.m2\repository_old\org\opentest4j\opentest4j\1.2.0\opentest4j-1.2.0.jar;C:\Users\mehnaz.tariq.SYSTEMS\.m2\repository_old\org\junit\platform\junit-platform-commons\1.6.2\junit-platform-commons-1.6.2.jar;C:\Users\mehnaz.tariq.SYSTEMS\.m2\repository_old\org\junit\jupiter\junit-jupiter-params\5.6.2\junit-jupiter-params-5.6.2.jar;C:\Users\mehnaz.tariq.SYSTEMS\.m2\repository_old\org\junit\jupiter\junit-jupiter-engine\5.6.2\junit-jupiter-engine-5.6.2.jar;C:\Users\mehnaz.tariq.SYSTEMS\.m2\repository_old\org\junit\platform\junit-platform-engine\1.6.2\junit-platform-engine-1.6.2.jar;C:\Users\mehnaz.tariq.SYSTEMS\.m2\repository_old\org\mockito\mockito-core\3.3.3\mockito-core-3.3.3.jar;C:\Users\mehnaz.tariq.SYSTEMS\.m2\repository_old\net\bytebuddy\byte-buddy\1.10.11\byte-buddy-1.10.11.jar;C:\Users\mehnaz.tariq.SYSTEMS\.m2\repository_old\net\bytebuddy\byte-buddy-agent\1.10.11\byte-buddy-agent-1.10.11.jar;C:\Users\mehnaz.tariq.SYSTEMS\.m2\repository_old\org\objenesis\objenesis\2.6\objenesis-2.6.jar;C:\Users\mehnaz.tariq.SYSTEMS\.m2\repository_old\org\mockito\mockito-junit-jupiter\3.3.3\mockito-junit-jupiter-3.3.3.jar;C:\Users\mehnaz.tariq.SYSTEMS\.m2\repository_old\org\skyscreamer\jsonassert\1.5.0\jsonassert-1.5.0.jar;C:\Users\mehnaz.tariq.SYSTEMS\.m2\repository_old\com\vaadin\external\google\android-json\0.0.20131108.vaadin1\android-json-0.0.20131108.vaadin1.jar;C:\Users\mehnaz.tariq.SYSTEMS\.m2\repository_old\org\springframework\spring-core\5.2.7.RELEASE\spring-core-5.2.7.RELEASE.jar;C:\Users\mehnaz.tariq.SYSTEMS\.m2\repository_old\org\springframework\spring-jcl\5.2.7.RELEASE\spring-jcl-5.2.7.RELEASE.jar;C:\Users\mehnaz.tariq.SYSTEMS\.m2\repository_old\org\springframework\spring-test\5.2.7.RELEASE\spring-test-5.2.7.RELEASE.jar;C:\Users\mehnaz.tariq.SYSTEMS\.m2\repository_old\org\xmlunit\xmlunit-core\2.7.0\xmlunit-core-2.7.0.jar;"/>
    <property name="java.vm.vendor" value="Oracle Corporation"/>
    <property name="sun.arch.data.model" value="64"/>
    <property name="user.variant" value=""/>
    <property name="java.vendor.url" value="http://java.oracle.com/"/>
    <property name="user.timezone" value="Asia/Karachi"/>
    <property name="user.country.format" value="PK"/>
    <property name="java.vm.specification.version" value="1.8"/>
    <property name="os.name" value="Windows 10"/>
    <property name="user.country" value="US"/>
    <property name="sun.java.launcher" value="SUN_STANDARD"/>
    <property name="sun.boot.library.path" value="C:\Program Files\Java\jdk1.8.0_171\jre\bin"/>
    <property name="sun.java.command" value="C:\Users\MEHNAZ~1.SYS\AppData\Local\Temp\surefire1318968559519121069\surefirebooter1867873019756796257.jar C:\Users\mehnaz.tariq.SYSTEMS\AppData\Local\Temp\surefire1318968559519121069 2020-07-13T14-05-31_331-jvmRun1 surefire1115258219977709975tmp surefire_09092714734785046316tmp"/>
    <property name="surefire.test.class.path" value="D:\workspace\Hello\target\test-classes;D:\workspace\Hello\target\classes;C:\Users\mehnaz.tariq.SYSTEMS\.m2\repository_old\org\springframework\boot\spring-boot-starter-web\2.3.1.RELEASE\spring-boot-starter-web-2.3.1.RELEASE.jar;C:\Users\mehnaz.tariq.SYSTEMS\.m2\repository_old\org\springframework\boot\spring-boot-starter\2.3.1.RELEASE\spring-boot-starter-2.3.1.RELEASE.jar;C:\Users\mehnaz.tariq.SYSTEMS\.m2\repository_old\org\springframework\boot\spring-boot\2.3.1.RELEASE\spring-boot-2.3.1.RELEASE.jar;C:\Users\mehnaz.tariq.SYSTEMS\.m2\repository_old\org\springframework\boot\spring-boot-autoconfigure\2.3.1.RELEASE\spring-boot-autoconfigure-2.3.1.RELEASE.jar;C:\Users\mehnaz.tariq.SYSTEMS\.m2\repository_old\org\springframework\boot\spring-boot-starter-logging\2.3.1.RELEASE\spring-boot-starter-logging-2.3.1.RELEASE.jar;C:\Users\mehnaz.tariq.SYSTEMS\.m2\repository_old\ch\qos\logback\logback-classic\1.2.3\logback-classic-1.2.3.jar;C:\Users\mehnaz.tariq.SYSTEMS\.m2\repository_old\ch\qos\logback\logback-core\1.2.3\logback-core-1.2.3.jar;C:\Users\mehnaz.tariq.SYSTEMS\.m2\repository_old\org\apache\logging\log4j\log4j-to-slf4j\2.13.3\log4j-to-slf4j-2.13.3.jar;C:\Users\mehnaz.tariq.SYSTEMS\.m2\repository_old\org\apache\logging\log4j\log4j-api\2.13.3\log4j-api-2.13.3.jar;C:\Users\mehnaz.tariq.SYSTEMS\.m2\repository_old\org\slf4j\jul-to-slf4j\1.7.30\jul-to-slf4j-1.7.30.jar;C:\Users\mehnaz.tariq.SYSTEMS\.m2\repository_old\jakarta\annotation\jakarta.annotation-api\1.3.5\jakarta.annotation-api-1.3.5.jar;C:\Users\mehnaz.tariq.SYSTEMS\.m2\repository_old\org\yaml\snakeyaml\1.26\snakeyaml-1.26.jar;C:\Users\mehnaz.tariq.SYSTEMS\.m2\repository_old\org\springframework\boot\spring-boot-starter-json\2.3.1.RELEASE\spring-boot-starter-json-2.3.1.RELEASE.jar;C:\Users\mehnaz.tariq.SYSTEMS\.m2\repository_old\com\fasterxml\jackson\core\jackson-databind\2.11.0\jackson-databind-2.11.0.jar;C:\Users\mehnaz.tariq.SYSTEMS\.m2\repository_old\com\fasterxml\jackson\core\jackson-annotations\2.11.0\jackson-annotations-2.11.0.jar;C:\Users\mehnaz.tariq.SYSTEMS\.m2\repository_old\com\fasterxml\jackson\core\jackson-core\2.11.0\jackson-core-2.11.0.jar;C:\Users\mehnaz.tariq.SYSTEMS\.m2\repository_old\com\fasterxml\jackson\datatype\jackson-datatype-jdk8\2.11.0\jackson-datatype-jdk8-2.11.0.jar;C:\Users\mehnaz.tariq.SYSTEMS\.m2\repository_old\com\fasterxml\jackson\datatype\jackson-datatype-jsr310\2.11.0\jackson-datatype-jsr310-2.11.0.jar;C:\Users\mehnaz.tariq.SYSTEMS\.m2\repository_old\com\fasterxml\jackson\module\jackson-module-parameter-names\2.11.0\jackson-module-parameter-names-2.11.0.jar;C:\Users\mehnaz.tariq.SYSTEMS\.m2\repository_old\org\springframework\boot\spring-boot-starter-tomcat\2.3.1.RELEASE\spring-boot-starter-tomcat-2.3.1.RELEASE.jar;C:\Users\mehnaz.tariq.SYSTEMS\.m2\repository_old\org\apache\tomcat\embed\tomcat-embed-core\9.0.36\tomcat-embed-core-9.0.36.jar;C:\Users\mehnaz.tariq.SYSTEMS\.m2\repository_old\org\glassfish\jakarta.el\3.0.3\jakarta.el-3.0.3.jar;C:\Users\mehnaz.tariq.SYSTEMS\.m2\repository_old\org\apache\tomcat\embed\tomcat-embed-websocket\9.0.36\tomcat-embed-websocket-9.0.36.jar;C:\Users\mehnaz.tariq.SYSTEMS\.m2\repository_old\org\springframework\spring-web\5.2.7.RELEASE\spring-web-5.2.7.RELEASE.jar;C:\Users\mehnaz.tariq.SYSTEMS\.m2\repository_old\org\springframework\spring-beans\5.2.7.RELEASE\spring-beans-5.2.7.RELEASE.jar;C:\Users\mehnaz.tariq.SYSTEMS\.m2\repository_old\org\springframework\spring-webmvc\5.2.7.RELEASE\spring-webmvc-5.2.7.RELEASE.jar;C:\Users\mehnaz.tariq.SYSTEMS\.m2\repository_old\org\springframework\spring-aop\5.2.7.RELEASE\spring-aop-5.2.7.RELEASE.jar;C:\Users\mehnaz.tariq.SYSTEMS\.m2\repository_old\org\springframework\spring-context\5.2.7.RELEASE\spring-context-5.2.7.RELEASE.jar;C:\Users\mehnaz.tariq.SYSTEMS\.m2\repository_old\org\springframework\spring-expression\5.2.7.RELEASE\spring-expression-5.2.7.RELEASE.jar;C:\Users\mehnaz.tariq.SYSTEMS\.m2\repository_old\org\springframework\boot\spring-boot-starter-test\2.3.1.RELEASE\spring-boot-starter-test-2.3.1.RELEASE.jar;C:\Users\mehnaz.tariq.SYSTEMS\.m2\repository_old\org\springframework\boot\spring-boot-test\2.3.1.RELEASE\spring-boot-test-2.3.1.RELEASE.jar;C:\Users\mehnaz.tariq.SYSTEMS\.m2\repository_old\org\springframework\boot\spring-boot-test-autoconfigure\2.3.1.RELEASE\spring-boot-test-autoconfigure-2.3.1.RELEASE.jar;C:\Users\mehnaz.tariq.SYSTEMS\.m2\repository_old\com\jayway\jsonpath\json-path\2.4.0\json-path-2.4.0.jar;C:\Users\mehnaz.tariq.SYSTEMS\.m2\repository_old\net\minidev\json-smart\2.3\json-smart-2.3.jar;C:\Users\mehnaz.tariq.SYSTEMS\.m2\repository_old\net\minidev\accessors-smart\1.2\accessors-smart-1.2.jar;C:\Users\mehnaz.tariq.SYSTEMS\.m2\repository_old\org\ow2\asm\asm\5.0.4\asm-5.0.4.jar;C:\Users\mehnaz.tariq.SYSTEMS\.m2\repository_old\org\slf4j\slf4j-api\1.7.30\slf4j-api-1.7.30.jar;C:\Users\mehnaz.tariq.SYSTEMS\.m2\repository_old\jakarta\xml\bind\jakarta.xml.bind-api\2.3.3\jakarta.xml.bind-api-2.3.3.jar;C:\Users\mehnaz.tariq.SYSTEMS\.m2\repository_old\jakarta\activation\jakarta.activation-api\1.2.2\jakarta.activation-api-1.2.2.jar;C:\Users\mehnaz.tariq.SYSTEMS\.m2\repository_old\org\assertj\assertj-core\3.16.1\assertj-core-3.16.1.jar;C:\Users\mehnaz.tariq.SYSTEMS\.m2\repository_old\org\hamcrest\hamcrest\2.2\hamcrest-2.2.jar;C:\Users\mehnaz.tariq.SYSTEMS\.m2\repository_old\org\junit\jupiter\junit-jupiter\5.6.2\junit-jupiter-5.6.2.jar;C:\Users\mehnaz.tariq.SYSTEMS\.m2\repository_old\org\junit\jupiter\junit-jupiter-api\5.6.2\junit-jupiter-api-5.6.2.jar;C:\Users\mehnaz.tariq.SYSTEMS\.m2\repository_old\org\apiguardian\apiguardian-api\1.1.0\apiguardian-api-1.1.0.jar;C:\Users\mehnaz.tariq.SYSTEMS\.m2\repository_old\org\opentest4j\opentest4j\1.2.0\opentest4j-1.2.0.jar;C:\Users\mehnaz.tariq.SYSTEMS\.m2\repository_old\org\junit\platform\junit-platform-commons\1.6.2\junit-platform-commons-1.6.2.jar;C:\Users\mehnaz.tariq.SYSTEMS\.m2\repository_old\org\junit\jupiter\junit-jupiter-params\5.6.2\junit-jupiter-params-5.6.2.jar;C:\Users\mehnaz.tariq.SYSTEMS\.m2\repository_old\org\junit\jupiter\junit-jupiter-engine\5.6.2\junit-jupiter-engine-5.6.2.jar;C:\Users\mehnaz.tariq.SYSTEMS\.m2\repository_old\org\junit\platform\junit-platform-engine\1.6.2\junit-platform-engine-1.6.2.jar;C:\Users\mehnaz.tariq.SYSTEMS\.m2\repository_old\org\mockito\mockito-core\3.3.3\mockito-core-3.3.3.jar;C:\Users\mehnaz.tariq.SYSTEMS\.m2\repository_old\net\bytebuddy\byte-buddy\1.10.11\byte-buddy-1.10.11.jar;C:\Users\mehnaz.tariq.SYSTEMS\.m2\repository_old\net\bytebuddy\byte-buddy-agent\1.10.11\byte-buddy-agent-1.10.11.jar;C:\Users\mehnaz.tariq.SYSTEMS\.m2\repository_old\org\objenesis\objenesis\2.6\objenesis-2.6.jar;C:\Users\mehnaz.tariq.SYSTEMS\.m2\repository_old\org\mockito\mockito-junit-jupiter\3.3.3\mockito-junit-jupiter-3.3.3.jar;C:\Users\mehnaz.tariq.SYSTEMS\.m2\repository_old\org\skyscreamer\jsonassert\1.5.0\jsonassert-1.5.0.jar;C:\Users\mehnaz.tariq.SYSTEMS\.m2\repository_old\com\vaadin\external\google\android-json\0.0.20131108.vaadin1\android-json-0.0.20131108.vaadin1.jar;C:\Users\mehnaz.tariq.SYSTEMS\.m2\repository_old\org\springframework\spring-core\5.2.7.RELEASE\spring-core-5.2.7.RELEASE.jar;C:\Users\mehnaz.tariq.SYSTEMS\.m2\repository_old\org\springframework\spring-jcl\5.2.7.RELEASE\spring-jcl-5.2.7.RELEASE.jar;C:\Users\mehnaz.tariq.SYSTEMS\.m2\repository_old\org\springframework\spring-test\5.2.7.RELEASE\spring-test-5.2.7.RELEASE.jar;C:\Users\mehnaz.tariq.SYSTEMS\.m2\repository_old\org\xmlunit\xmlunit-core\2.7.0\xmlunit-core-2.7.0.jar;"/>
    <property name="sun.cpu.endian" value="little"/>
    <property name="user.home" value="C:\Users\mehnaz.tariq.SYSTEMS"/>
    <property name="user.language" value="en"/>
    <property name="java.specification.vendor" value="Oracle Corporation"/>
    <property name="java.home" value="C:\Program Files\Java\jdk1.8.0_171\jre"/>
    <property name="basedir" value="D:\workspace\Hello"/>
    <property name="file.separator" value="\"/>
    <property name="line.separator" value="&#10;"/>
    <property name="java.vm.specification.vendor" value="Oracle Corporation"/>
    <property name="java.specification.name" value="Java Platform API Specification"/>
    <property name="java.awt.graphicsenv" value="sun.awt.Win32GraphicsEnvironment"/>
    <property name="surefire.real.class.path" value="C:\Users\MEHNAZ~1.SYS\AppData\Local\Temp\surefire1318968559519121069\surefirebooter1867873019756796257.jar"/>
    <property name="sun.boot.class.path" value="C:\Program Files\Java\jdk1.8.0_171\jre\lib\resources.jar;C:\Program Files\Java\jdk1.8.0_171\jre\lib\rt.jar;C:\Program Files\Java\jdk1.8.0_171\jre\lib\sunrsasign.jar;C:\Program Files\Java\jdk1.8.0_171\jre\lib\jsse.jar;C:\Program Files\Java\jdk1.8.0_171\jre\lib\jce.jar;C:\Program Files\Java\jdk1.8.0_171\jre\lib\charsets.jar;C:\Program Files\Java\jdk1.8.0_171\jre\lib\jfr.jar;C:\Program Files\Java\jdk1.8.0_171\jre\classes"/>
    <property name="user.script" value=""/>
    <property name="sun.management.compiler" value="HotSpot 64-Bit Tiered Compilers"/>
    <property name="java.runtime.version" value="1.8.0_171-b11"/>
    <property name="user.name" value="mehnaz.tariq"/>
    <property name="path.separator" value=";"/>
    <property name="os.version" value="10.0"/>
    <property name="java.endorsed.dirs" value="C:\Program Files\Java\jdk1.8.0_171\jre\lib\endorsed"/>
    <property name="java.runtime.name" value="Java(TM) SE Runtime Environment"/>
    <property name="file.encoding" value="Cp1252"/>
    <property name="java.vm.name" value="Java HotSpot(TM) 64-Bit Server VM"/>
    <property name="localRepository" value="C:\Users\mehnaz.tariq.SYSTEMS\.m2\repository_old"/>
    <property name="java.vendor.url.bug" value="http://bugreport.sun.com/bugreport/"/>
    <property name="java.io.tmpdir" value="C:\Users\MEHNAZ~1.SYS\AppData\Local\Temp\"/>
    <property name="java.version" value="1.8.0_171"/>
    <property name="user.dir" value="D:\workspace\Hello"/>
    <property name="os.arch" value="amd64"/>
    <property name="java.vm.specification.name" value="Java Virtual Machine Specification"/>
    <property name="java.awt.printerjob" value="sun.awt.windows.WPrinterJob"/>
    <property name="sun.os.patch.level" value=""/>
    <property name="java.library.path" value="C:\Program Files\Java\jdk1.8.0_171\jre\bin;C:\WINDOWS\Sun\Java\bin;C:\WINDOWS\system32;C:\WINDOWS;C:/Program Files/Java/jre1.8.0_221/bin/server;C:/Program Files/Java/jre1.8.0_221/bin;C:/Program Files/Java/jre1.8.0_221/lib/amd64;C:\Python38\Scripts\;C:\Python38\;C:\oraclexe\app\oracle\product\11.2.0\server\bin;;C:\Python27\;C:\Python27\Scripts;C:\Program Files (x86)\Common Files\Oracle\Java\javapath;C:\oraclexe\app\oracle\product\11.2.0\server\bin;C:\WINDOWS\system32;C:\WINDOWS;C:\WINDOWS\System32\Wbem;C:\WINDOWS\System32\WindowsPowerShell\v1.0\;C:\Program Files\Java\jdk1.8.0_171\bin;C:\WINDOWS\System32\OpenSSH\;C:\Program Files\Git\cmd;C:\Program Files\Git\mingw64\bin;C:\Program Files\Git\usr\bin;C:\Program Files (x86)\Microsoft VS Code\bin;C:\Program Files (x86)\Intel\Intel(R) Management Engine Components\DAL;C:\Program Files\Intel\Intel(R) Management Engine Components\DAL;C:\ProgramData\chocolatey\bin;C:\Program Files\TortoiseGit\bin;D:\Software\spring-tool-suite-3.9.4.R4.7Win_64\sts-bundle\apache-maven-3.6.3\bin;C:\Program Files\nodejs\;C:\Program Files\Docker\Docker\resources\bin;C:\ProgramData\DockerDesktop\version-bin;C:\Users\mehnaz.tariq.SYSTEMS\AppData\Local\Microsoft\WindowsApps;C:\Program Files (x86)\Microsoft VS Code\bin;C:\Users\mehnaz.tariq.SYSTEMS\AppData\Local\atom\bin;C:\Users\mehnaz.tariq.SYSTEMS\AppData\Roaming\npm;D:\Software\spring-tool-suite-3.9.4.R4.7Win_64\sts-bundle\sts-3.9.4.RELEASE;;."/>
    <property name="java.vm.info" value="mixed mode"/>
    <property name="java.vendor" value="Oracle Corporation"/>
    <property name="java.vm.version" value="25.171-b11"/>
    <property name="java.ext.dirs" value="C:\Program Files\Java\jdk1.8.0_171\jre\lib\ext;C:\WINDOWS\Sun\Java\lib\ext"/>
    <property name="sun.io.unicode.encoding" value="UnicodeLittle"/>
    <property name="java.class.version" value="52.0"/>
  </properties>
  <testcase name="contextLoads" classname="com.learning.HelloApplicationTests" time="0.192"/>
</testsuite>